<?xml version="1.0" encoding="UTF-8"?>
<!-- Generated by org.testng.reporters.JUnitXMLReporter -->
<testsuite hostname="DESKTOP-PFKHA3E" ignored="8" name="Surefire test" tests="4" failures="1" timestamp="2019-11-12T18:31:19 IST" time="132.619" errors="0">
  <testcase name="validateRegistrationDoneSuccessfully" time="15.088" classname="com.bhavin.testCases.TestCase_01_ValidateRegistrationDoneSuccessfully"/>
  <testcase name="validateRegisterButtonShouldBeEnabledIfPasswordFieldBlank" time="12.916" classname="com.bhavin.testCases.TestCase_02_ValidateRegisterButtonShouldBeEnabledIfPasswordFieldBlank"/>
  <testcase name="validateRegisterButtonShouldBeDisabledIfPasswordCriteriaNotFulFiiled" time="11.916" classname="com.bhavin.testCases.TestCase_03_ValidateRegisterButtonShouldBeDisabledIfPasswordCriteriaNotFulFiiled"/>
  <testcase name="validateDropDownValueOfFilterOnShopPage" time="31.124" classname="com.bhavin.testCases.TestCase_04_ValidateDropDownValueOfFilterOnShopPage">
    <failure type="java.lang.AssertionError" message="Expected Data missing : [low to high, high to low]Actual Data found :[]: lists don&amp;apos;t have the same size expected [8] but found [6]">
      <![CDATA[java.lang.AssertionError: Expected Data missing : [low to high, high to low]Actual Data found :[]: lists don't have the same size expected [8] but found [6]
at com.bhavin.testCases.TestCase_04_ValidateDropDownValueOfFilterOnShopPage.validateDropDownValueOfFilterOnShopPage(TestCase_04_ValidateDropDownValueOfFilterOnShopPage.java:56)
at java.util.ArrayList.forEach(Unknown Source)
... Removed 37 stack frames]]>
    </failure>
  </testcase> <!-- validateDropDownValueOfFilterOnShopPage -->
  <testcase name="@BeforeSuite loadDirectories" time="0.0" classname="com.bhavin.base.TestBase">
    <ignored/>
  </testcase> <!-- @BeforeSuite loadDirectories -->
  <testcase name="@BeforeSuite loadDirectories" time="0.0" classname="com.bhavin.base.TestBase">
    <ignored/>
  </testcase> <!-- @BeforeSuite loadDirectories -->
  <testcase name="@BeforeSuite loadDirectories" time="0.0" classname="com.bhavin.base.TestBase">
    <ignored/>
  </testcase> <!-- @BeforeSuite loadDirectories -->
  <testcase name="@BeforeSuite loadDirectories" time="0.0" classname="com.bhavin.base.TestBase">
    <ignored/>
  </testcase> <!-- @BeforeSuite loadDirectories -->
  <testcase name="@AfterSuite quit" time="0.0" classname="com.bhavin.base.TestBase">
    <ignored/>
  </testcase> <!-- @AfterSuite quit -->
  <testcase name="@AfterSuite quit" time="0.0" classname="com.bhavin.base.TestBase">
    <ignored/>
  </testcase> <!-- @AfterSuite quit -->
  <testcase name="@AfterSuite quit" time="0.0" classname="com.bhavin.base.TestBase">
    <ignored/>
  </testcase> <!-- @AfterSuite quit -->
  <testcase name="@AfterSuite quit" time="0.0" classname="com.bhavin.base.TestBase">
    <ignored/>
  </testcase> <!-- @AfterSuite quit -->
</testsuite> <!-- Surefire test -->
