<?xml version="1.0" encoding="UTF-8"?>
<testng-results skipped="0" failed="1" ignored="8" total="12" passed="3">
  <reporter-output>
  </reporter-output>
  <suite name="Surefire suite" duration-ms="132619" started-at="2019-11-12T18:29:06 IST" finished-at="2019-11-12T18:31:18 IST">
    <groups>
    </groups>
    <test name="Surefire test" duration-ms="132619" started-at="2019-11-12T18:29:06 IST" finished-at="2019-11-12T18:31:18 IST">
      <class name="com.bhavin.testCases.TestCase_01_ValidateRegistrationDoneSuccessfully">
        <test-method status="PASS" signature="setup()[pri:0, instance:com.bhavin.testCases.TestCase_01_ValidateRegistrationDoneSuccessfully@29ca901e]" name="setup" is-config="true" duration-ms="14070" started-at="2019-11-12T18:29:06 IST" finished-at="2019-11-12T18:29:20 IST">
          <reporter-output>
          </reporter-output>
        </test-method> <!-- setup -->
        <test-method status="PASS" signature="validateRegistrationDoneSuccessfully()[pri:0, instance:com.bhavin.testCases.TestCase_01_ValidateRegistrationDoneSuccessfully@29ca901e]" name="validateRegistrationDoneSuccessfully" duration-ms="15088" started-at="2019-11-12T18:29:20 IST" finished-at="2019-11-12T18:29:35 IST">
          <reporter-output>
          </reporter-output>
        </test-method> <!-- validateRegistrationDoneSuccessfully -->
        <test-method status="PASS" signature="completeTestCase()[pri:0, instance:com.bhavin.testCases.TestCase_01_ValidateRegistrationDoneSuccessfully@29ca901e]" name="completeTestCase" is-config="true" duration-ms="4107" started-at="2019-11-12T18:29:35 IST" finished-at="2019-11-12T18:29:39 IST">
          <reporter-output>
          </reporter-output>
        </test-method> <!-- completeTestCase -->
      </class> <!-- com.bhavin.testCases.TestCase_01_ValidateRegistrationDoneSuccessfully -->
      <class name="com.bhavin.base.TestBase">
        <test-method status="PASS" signature="loadDirectories()[pri:0, instance:com.bhavin.base.TestBase@4bec1f0c]" name="loadDirectories" is-config="true" duration-ms="14" started-at="2019-11-12T18:29:06 IST" finished-at="2019-11-12T18:29:06 IST">
          <reporter-output>
          </reporter-output>
        </test-method> <!-- loadDirectories -->
        <test-method status="FAIL" signature="quit()[pri:0, instance:com.bhavin.base.TestBase@4bec1f0c]" name="quit" is-config="true" duration-ms="71" started-at="2019-11-12T18:31:19 IST" finished-at="2019-11-12T18:31:19 IST">
          <exception class="org.openqa.selenium.NoSuchSessionException">
            <message>
              <![CDATA[invalid session id
Build info: version: '3.141.59', revision: 'e82be7d358', time: '2018-11-14T08:17:03'
System info: host: 'DESKTOP-PFKHA3E', ip: '10.0.75.1', os.name: 'Windows 10', os.arch: 'amd64', os.version: '10.0', java.version: '1.8.0_151'
Driver info: org.openqa.selenium.chrome.ChromeDriver
Capabilities {acceptInsecureCerts: false, browserName: chrome, browserVersion: 78.0.3904.97, chrome: {chromedriverVersion: 78.0.3904.70 (edb9c9f3de024..., userDataDir: C:\Users\BHAVIN~1\AppData\L...}, goog:chromeOptions: {debuggerAddress: localhost:52446}, javascriptEnabled: true, networkConnectionEnabled: false, pageLoadStrategy: normal, platform: XP, platformName: XP, proxy: Proxy(), setWindowRect: true, strictFileInteractability: false, timeouts: {implicit: 0, pageLoad: 300000, script: 30000}, unhandledPromptBehavior: dismiss and notify}
Session ID: 814d6b5844acab350ca73e5e05b6f02e]]>
            </message>
            <full-stacktrace>
              <![CDATA[org.openqa.selenium.NoSuchSessionException: invalid session id
Build info: version: '3.141.59', revision: 'e82be7d358', time: '2018-11-14T08:17:03'
System info: host: 'DESKTOP-PFKHA3E', ip: '10.0.75.1', os.name: 'Windows 10', os.arch: 'amd64', os.version: '10.0', java.version: '1.8.0_151'
Driver info: org.openqa.selenium.chrome.ChromeDriver
Capabilities {acceptInsecureCerts: false, browserName: chrome, browserVersion: 78.0.3904.97, chrome: {chromedriverVersion: 78.0.3904.70 (edb9c9f3de024..., userDataDir: C:\Users\BHAVIN~1\AppData\L...}, goog:chromeOptions: {debuggerAddress: localhost:52446}, javascriptEnabled: true, networkConnectionEnabled: false, pageLoadStrategy: normal, platform: XP, platformName: XP, proxy: Proxy(), setWindowRect: true, strictFileInteractability: false, timeouts: {implicit: 0, pageLoad: 300000, script: 30000}, unhandledPromptBehavior: dismiss and notify}
Session ID: 814d6b5844acab350ca73e5e05b6f02e
at sun.reflect.NativeConstructorAccessorImpl.newInstance0(Native Method)
at sun.reflect.NativeConstructorAccessorImpl.newInstance(Unknown Source)
at sun.reflect.DelegatingConstructorAccessorImpl.newInstance(Unknown Source)
at java.lang.reflect.Constructor.newInstance(Unknown Source)
at org.openqa.selenium.remote.http.W3CHttpResponseCodec.createException(W3CHttpResponseCodec.java:187)
at org.openqa.selenium.remote.http.W3CHttpResponseCodec.decode(W3CHttpResponseCodec.java:122)
at org.openqa.selenium.remote.http.W3CHttpResponseCodec.decode(W3CHttpResponseCodec.java:49)
at org.openqa.selenium.remote.HttpCommandExecutor.execute(HttpCommandExecutor.java:158)
at org.openqa.selenium.remote.service.DriverCommandExecutor.execute(DriverCommandExecutor.java:83)
at org.openqa.selenium.remote.RemoteWebDriver.execute(RemoteWebDriver.java:552)
at org.openqa.selenium.remote.RemoteWebDriver.execute(RemoteWebDriver.java:609)
at org.openqa.selenium.remote.RemoteWebDriver.close(RemoteWebDriver.java:442)
at com.bhavin.base.TestBase.quit(TestBase.java:171)
at sun.reflect.NativeMethodAccessorImpl.invoke0(Native Method)
at sun.reflect.NativeMethodAccessorImpl.invoke(Unknown Source)
at sun.reflect.DelegatingMethodAccessorImpl.invoke(Unknown Source)
at java.lang.reflect.Method.invoke(Unknown Source)
at org.testng.internal.MethodInvocationHelper.invokeMethod(MethodInvocationHelper.java:133)
at org.testng.internal.MethodInvocationHelper.invokeMethodConsideringTimeout(MethodInvocationHelper.java:62)
at org.testng.internal.ConfigInvoker.invokeConfigurationMethod(ConfigInvoker.java:340)
at org.testng.internal.ConfigInvoker.invokeConfigurations(ConfigInvoker.java:294)
at org.testng.SuiteRunner.privateRun(SuiteRunner.java:369)
at org.testng.SuiteRunner.run(SuiteRunner.java:304)
at org.testng.SuiteRunnerWorker.runSuite(SuiteRunnerWorker.java:53)
at org.testng.SuiteRunnerWorker.run(SuiteRunnerWorker.java:96)
at org.testng.TestNG.runSuitesSequentially(TestNG.java:1180)
at org.testng.TestNG.runSuitesLocally(TestNG.java:1102)
at org.testng.TestNG.runSuites(TestNG.java:1032)
at org.testng.TestNG.run(TestNG.java:1000)
at org.apache.maven.surefire.testng.TestNGExecutor.run(TestNGExecutor.java:135)
at org.apache.maven.surefire.testng.TestNGDirectoryTestSuite.executeMulti(TestNGDirectoryTestSuite.java:193)
at org.apache.maven.surefire.testng.TestNGDirectoryTestSuite.execute(TestNGDirectoryTestSuite.java:94)
at org.apache.maven.surefire.testng.TestNGProvider.invoke(TestNGProvider.java:146)
at org.apache.maven.surefire.booter.ForkedBooter.invokeProviderInSameClassLoader(ForkedBooter.java:384)
at org.apache.maven.surefire.booter.ForkedBooter.runSuitesInProcess(ForkedBooter.java:345)
at org.apache.maven.surefire.booter.ForkedBooter.execute(ForkedBooter.java:126)
at org.apache.maven.surefire.booter.ForkedBooter.main(ForkedBooter.java:418)
]]>
            </full-stacktrace>
          </exception> <!-- org.openqa.selenium.NoSuchSessionException -->
          <reporter-output>
          </reporter-output>
        </test-method> <!-- quit -->
      </class> <!-- com.bhavin.base.TestBase -->
      <class name="com.bhavin.testCases.TestCase_03_ValidateRegisterButtonShouldBeDisabledIfPasswordCriteriaNotFulFiiled">
        <test-method status="PASS" signature="setup()[pri:0, instance:com.bhavin.testCases.TestCase_03_ValidateRegisterButtonShouldBeDisabledIfPasswordCriteriaNotFulFiiled@6adede5]" name="setup" is-config="true" duration-ms="10169" started-at="2019-11-12T18:30:07 IST" finished-at="2019-11-12T18:30:17 IST">
          <reporter-output>
          </reporter-output>
        </test-method> <!-- setup -->
        <test-method status="PASS" signature="validateRegisterButtonShouldBeDisabledIfPasswordCriteriaNotFulFiiled()[pri:0, instance:com.bhavin.testCases.TestCase_03_ValidateRegisterButtonShouldBeDisabledIfPasswordCriteriaNotFulFiiled@6adede5]" name="validateRegisterButtonShouldBeDisabledIfPasswordCriteriaNotFulFiiled" duration-ms="11916" started-at="2019-11-12T18:30:17 IST" finished-at="2019-11-12T18:30:29 IST">
          <reporter-output>
          </reporter-output>
        </test-method> <!-- validateRegisterButtonShouldBeDisabledIfPasswordCriteriaNotFulFiiled -->
        <test-method status="PASS" signature="completeTestCase()[pri:0, instance:com.bhavin.testCases.TestCase_03_ValidateRegisterButtonShouldBeDisabledIfPasswordCriteriaNotFulFiiled@6adede5]" name="completeTestCase" is-config="true" duration-ms="4334" started-at="2019-11-12T18:30:29 IST" finished-at="2019-11-12T18:30:33 IST">
          <reporter-output>
          </reporter-output>
        </test-method> <!-- completeTestCase -->
      </class> <!-- com.bhavin.testCases.TestCase_03_ValidateRegisterButtonShouldBeDisabledIfPasswordCriteriaNotFulFiiled -->
      <class name="com.bhavin.testCases.TestCase_02_ValidateRegisterButtonShouldBeEnabledIfPasswordFieldBlank">
        <test-method status="PASS" signature="setup()[pri:0, instance:com.bhavin.testCases.TestCase_02_ValidateRegisterButtonShouldBeEnabledIfPasswordFieldBlank@5649fd9b]" name="setup" is-config="true" duration-ms="10718" started-at="2019-11-12T18:29:39 IST" finished-at="2019-11-12T18:29:50 IST">
          <reporter-output>
          </reporter-output>
        </test-method> <!-- setup -->
        <test-method status="PASS" signature="validateRegisterButtonShouldBeEnabledIfPasswordFieldBlank()[pri:0, instance:com.bhavin.testCases.TestCase_02_ValidateRegisterButtonShouldBeEnabledIfPasswordFieldBlank@5649fd9b]" name="validateRegisterButtonShouldBeEnabledIfPasswordFieldBlank" duration-ms="12916" started-at="2019-11-12T18:29:50 IST" finished-at="2019-11-12T18:30:03 IST">
          <reporter-output>
          </reporter-output>
        </test-method> <!-- validateRegisterButtonShouldBeEnabledIfPasswordFieldBlank -->
        <test-method status="PASS" signature="completeTestCase()[pri:0, instance:com.bhavin.testCases.TestCase_02_ValidateRegisterButtonShouldBeEnabledIfPasswordFieldBlank@5649fd9b]" name="completeTestCase" is-config="true" duration-ms="4109" started-at="2019-11-12T18:30:03 IST" finished-at="2019-11-12T18:30:07 IST">
          <reporter-output>
          </reporter-output>
        </test-method> <!-- completeTestCase -->
      </class> <!-- com.bhavin.testCases.TestCase_02_ValidateRegisterButtonShouldBeEnabledIfPasswordFieldBlank -->
      <class name="com.bhavin.testCases.TestCase_04_ValidateDropDownValueOfFilterOnShopPage">
        <test-method status="PASS" signature="setup()[pri:0, instance:com.bhavin.testCases.TestCase_04_ValidateDropDownValueOfFilterOnShopPage@2d928643]" name="setup" is-config="true" duration-ms="9809" started-at="2019-11-12T18:30:33 IST" finished-at="2019-11-12T18:30:43 IST">
          <reporter-output>
          </reporter-output>
        </test-method> <!-- setup -->
        <test-method status="FAIL" signature="validateDropDownValueOfFilterOnShopPage()[pri:0, instance:com.bhavin.testCases.TestCase_04_ValidateDropDownValueOfFilterOnShopPage@2d928643]" name="validateDropDownValueOfFilterOnShopPage" duration-ms="31124" started-at="2019-11-12T18:30:43 IST" finished-at="2019-11-12T18:31:14 IST">
          <exception class="java.lang.AssertionError">
            <message>
              <![CDATA[Expected Data missing : [low to high, high to low]Actual Data found :[]: lists don't have the same size expected [8] but found [6]]]>
            </message>
            <full-stacktrace>
              <![CDATA[java.lang.AssertionError: Expected Data missing : [low to high, high to low]Actual Data found :[]: lists don't have the same size expected [8] but found [6]
at org.testng.Assert.fail(Assert.java:97)
at org.testng.Assert.assertEqualsImpl(Assert.java:136)
at org.testng.Assert.assertEquals(Assert.java:118)
at org.testng.Assert.assertEquals(Assert.java:839)
at org.testng.Assert.assertEquals(Assert.java:1019)
at com.bhavin.testCases.TestCase_04_ValidateDropDownValueOfFilterOnShopPage.validateDropDownValueOfFilterOnShopPage(TestCase_04_ValidateDropDownValueOfFilterOnShopPage.java:56)
at sun.reflect.NativeMethodAccessorImpl.invoke0(Native Method)
at sun.reflect.NativeMethodAccessorImpl.invoke(Unknown Source)
at sun.reflect.DelegatingMethodAccessorImpl.invoke(Unknown Source)
at java.lang.reflect.Method.invoke(Unknown Source)
at org.testng.internal.MethodInvocationHelper.invokeMethod(MethodInvocationHelper.java:133)
at org.testng.internal.TestInvoker.invokeMethod(TestInvoker.java:584)
at org.testng.internal.TestInvoker.invokeTestMethod(TestInvoker.java:172)
at org.testng.internal.MethodRunner.runInSequence(MethodRunner.java:46)
at org.testng.internal.TestInvoker$MethodInvocationAgent.invoke(TestInvoker.java:804)
at org.testng.internal.TestInvoker.invokeTestMethods(TestInvoker.java:145)
at org.testng.internal.TestMethodWorker.invokeTestMethods(TestMethodWorker.java:146)
at org.testng.internal.TestMethodWorker.run(TestMethodWorker.java:128)
at java.util.ArrayList.forEach(Unknown Source)
at org.testng.TestRunner.privateRun(TestRunner.java:770)
at org.testng.TestRunner.run(TestRunner.java:591)
at org.testng.SuiteRunner.runTest(SuiteRunner.java:402)
at org.testng.SuiteRunner.runSequentially(SuiteRunner.java:396)
at org.testng.SuiteRunner.privateRun(SuiteRunner.java:355)
at org.testng.SuiteRunner.run(SuiteRunner.java:304)
at org.testng.SuiteRunnerWorker.runSuite(SuiteRunnerWorker.java:53)
at org.testng.SuiteRunnerWorker.run(SuiteRunnerWorker.java:96)
at org.testng.TestNG.runSuitesSequentially(TestNG.java:1180)
at org.testng.TestNG.runSuitesLocally(TestNG.java:1102)
at org.testng.TestNG.runSuites(TestNG.java:1032)
at org.testng.TestNG.run(TestNG.java:1000)
at org.apache.maven.surefire.testng.TestNGExecutor.run(TestNGExecutor.java:135)
at org.apache.maven.surefire.testng.TestNGDirectoryTestSuite.executeMulti(TestNGDirectoryTestSuite.java:193)
at org.apache.maven.surefire.testng.TestNGDirectoryTestSuite.execute(TestNGDirectoryTestSuite.java:94)
at org.apache.maven.surefire.testng.TestNGProvider.invoke(TestNGProvider.java:146)
at org.apache.maven.surefire.booter.ForkedBooter.invokeProviderInSameClassLoader(ForkedBooter.java:384)
at org.apache.maven.surefire.booter.ForkedBooter.runSuitesInProcess(ForkedBooter.java:345)
at org.apache.maven.surefire.booter.ForkedBooter.execute(ForkedBooter.java:126)
at org.apache.maven.surefire.booter.ForkedBooter.main(ForkedBooter.java:418)
]]>
            </full-stacktrace>
          </exception> <!-- java.lang.AssertionError -->
          <reporter-output>
          </reporter-output>
        </test-method> <!-- validateDropDownValueOfFilterOnShopPage -->
        <test-method status="PASS" signature="completeTestCase()[pri:0, instance:com.bhavin.testCases.TestCase_04_ValidateDropDownValueOfFilterOnShopPage@2d928643]" name="completeTestCase" is-config="true" duration-ms="4155" started-at="2019-11-12T18:31:14 IST" finished-at="2019-11-12T18:31:18 IST">
          <reporter-output>
          </reporter-output>
        </test-method> <!-- completeTestCase -->
      </class> <!-- com.bhavin.testCases.TestCase_04_ValidateDropDownValueOfFilterOnShopPage -->
    </test> <!-- Surefire test -->
  </suite> <!-- Surefire suite -->
</testng-results>
