<?xml version="1.0" encoding="UTF-8"?>
<testng-results skipped="0" failed="1" ignored="6" total="10" passed="3">
  <reporter-output>
  </reporter-output>
  <suite name="Register Test Suite" duration-ms="163260" started-at="2019-11-13T15:06:14 IST" finished-at="2019-11-13T15:08:58 IST">
    <groups>
    </groups>
    <test name="Register Test Cases" duration-ms="163260" started-at="2019-11-13T15:06:14 IST" finished-at="2019-11-13T15:08:58 IST">
      <class name="com.bhavin.testCases.TestCase_01_ValidateRegistrationDoneSuccessfully">
        <test-method status="PASS" signature="loadDirectories()[pri:0, instance:com.bhavin.testCases.TestCase_01_ValidateRegistrationDoneSuccessfully@11c20519]" name="loadDirectories" is-config="true" duration-ms="89" started-at="2019-11-13T15:06:14 IST" finished-at="2019-11-13T15:06:14 IST">
          <reporter-output>
          </reporter-output>
        </test-method> <!-- loadDirectories -->
        <test-method status="PASS" signature="setup()[pri:0, instance:com.bhavin.testCases.TestCase_01_ValidateRegistrationDoneSuccessfully@11c20519]" name="setup" is-config="true" duration-ms="38878" started-at="2019-11-13T15:06:14 IST" finished-at="2019-11-13T15:06:53 IST">
          <reporter-output>
          </reporter-output>
        </test-method> <!-- setup -->
        <test-method status="PASS" signature="validateRegistrationDoneSuccessfully()[pri:0, instance:com.bhavin.testCases.TestCase_01_ValidateRegistrationDoneSuccessfully@11c20519]" name="validateRegistrationDoneSuccessfully" duration-ms="25278" started-at="2019-11-13T15:06:53 IST" description="Test Case 1" finished-at="2019-11-13T15:07:18 IST">
          <reporter-output>
          </reporter-output>
        </test-method> <!-- validateRegistrationDoneSuccessfully -->
        <test-method status="PASS" signature="completeTestCase()[pri:0, instance:com.bhavin.testCases.TestCase_01_ValidateRegistrationDoneSuccessfully@11c20519]" name="completeTestCase" is-config="true" duration-ms="8416" started-at="2019-11-13T15:07:19 IST" finished-at="2019-11-13T15:07:27 IST">
          <reporter-output>
          </reporter-output>
        </test-method> <!-- completeTestCase -->
        <test-method status="FAIL" signature="quit()[pri:0, instance:com.bhavin.testCases.TestCase_01_ValidateRegistrationDoneSuccessfully@11c20519]" name="quit" is-config="true" duration-ms="74" started-at="2019-11-13T15:09:00 IST" finished-at="2019-11-13T15:09:00 IST">
          <exception class="org.openqa.selenium.NoSuchSessionException">
            <message>
              <![CDATA[invalid session id
Build info: version: '3.141.59', revision: 'e82be7d358', time: '2018-11-14T08:17:03'
System info: host: 'DESKTOP-PFKHA3E', ip: '10.0.75.1', os.name: 'Windows 10', os.arch: 'amd64', os.version: '10.0', java.version: '1.8.0_151'
Driver info: org.openqa.selenium.chrome.ChromeDriver
Capabilities {acceptInsecureCerts: false, browserName: chrome, browserVersion: 78.0.3904.97, chrome: {chromedriverVersion: 78.0.3904.70 (edb9c9f3de024..., userDataDir: C:\Users\BHAVIN~1\AppData\L...}, goog:chromeOptions: {debuggerAddress: localhost:56143}, javascriptEnabled: true, networkConnectionEnabled: false, pageLoadStrategy: normal, platform: XP, platformName: XP, proxy: Proxy(), setWindowRect: true, strictFileInteractability: false, timeouts: {implicit: 0, pageLoad: 300000, script: 30000}, unhandledPromptBehavior: dismiss and notify}
Session ID: 5c6f2cc9ce20de785ab0c71310844613]]>
            </message>
            <full-stacktrace>
              <![CDATA[org.openqa.selenium.NoSuchSessionException: invalid session id
Build info: version: '3.141.59', revision: 'e82be7d358', time: '2018-11-14T08:17:03'
System info: host: 'DESKTOP-PFKHA3E', ip: '10.0.75.1', os.name: 'Windows 10', os.arch: 'amd64', os.version: '10.0', java.version: '1.8.0_151'
Driver info: org.openqa.selenium.chrome.ChromeDriver
Capabilities {acceptInsecureCerts: false, browserName: chrome, browserVersion: 78.0.3904.97, chrome: {chromedriverVersion: 78.0.3904.70 (edb9c9f3de024..., userDataDir: C:\Users\BHAVIN~1\AppData\L...}, goog:chromeOptions: {debuggerAddress: localhost:56143}, javascriptEnabled: true, networkConnectionEnabled: false, pageLoadStrategy: normal, platform: XP, platformName: XP, proxy: Proxy(), setWindowRect: true, strictFileInteractability: false, timeouts: {implicit: 0, pageLoad: 300000, script: 30000}, unhandledPromptBehavior: dismiss and notify}
Session ID: 5c6f2cc9ce20de785ab0c71310844613
at sun.reflect.NativeConstructorAccessorImpl.newInstance0(Native Method)
at sun.reflect.NativeConstructorAccessorImpl.newInstance(Unknown Source)
at sun.reflect.DelegatingConstructorAccessorImpl.newInstance(Unknown Source)
at java.lang.reflect.Constructor.newInstance(Unknown Source)
at org.openqa.selenium.remote.http.W3CHttpResponseCodec.createException(W3CHttpResponseCodec.java:187)
at org.openqa.selenium.remote.http.W3CHttpResponseCodec.decode(W3CHttpResponseCodec.java:122)
at org.openqa.selenium.remote.http.W3CHttpResponseCodec.decode(W3CHttpResponseCodec.java:49)
at org.openqa.selenium.remote.HttpCommandExecutor.execute(HttpCommandExecutor.java:158)
at org.openqa.selenium.remote.service.DriverCommandExecutor.execute(DriverCommandExecutor.java:83)
at org.openqa.selenium.remote.RemoteWebDriver.execute(RemoteWebDriver.java:552)
at org.openqa.selenium.remote.RemoteWebDriver.execute(RemoteWebDriver.java:609)
at org.openqa.selenium.remote.RemoteWebDriver.close(RemoteWebDriver.java:442)
at com.bhavin.base.TestBase.quit(TestBase.java:171)
at sun.reflect.NativeMethodAccessorImpl.invoke0(Native Method)
at sun.reflect.NativeMethodAccessorImpl.invoke(Unknown Source)
at sun.reflect.DelegatingMethodAccessorImpl.invoke(Unknown Source)
at java.lang.reflect.Method.invoke(Unknown Source)
at org.testng.internal.MethodInvocationHelper.invokeMethod(MethodInvocationHelper.java:133)
at org.testng.internal.MethodInvocationHelper.invokeMethodConsideringTimeout(MethodInvocationHelper.java:62)
at org.testng.internal.ConfigInvoker.invokeConfigurationMethod(ConfigInvoker.java:340)
at org.testng.internal.ConfigInvoker.invokeConfigurations(ConfigInvoker.java:294)
at org.testng.SuiteRunner.privateRun(SuiteRunner.java:369)
at org.testng.SuiteRunner.run(SuiteRunner.java:304)
at org.testng.SuiteRunnerWorker.runSuite(SuiteRunnerWorker.java:53)
at org.testng.SuiteRunnerWorker.run(SuiteRunnerWorker.java:96)
at org.testng.TestNG.runSuitesSequentially(TestNG.java:1180)
at org.testng.TestNG.runSuitesLocally(TestNG.java:1102)
at org.testng.TestNG.runSuites(TestNG.java:1032)
at org.testng.TestNG.run(TestNG.java:1000)
at org.testng.remote.AbstractRemoteTestNG.run(AbstractRemoteTestNG.java:115)
at org.testng.remote.RemoteTestNG.initAndRun(RemoteTestNG.java:251)
at org.testng.remote.RemoteTestNG.main(RemoteTestNG.java:77)
]]>
            </full-stacktrace>
          </exception> <!-- org.openqa.selenium.NoSuchSessionException -->
          <reporter-output>
          </reporter-output>
        </test-method> <!-- quit -->
      </class> <!-- com.bhavin.testCases.TestCase_01_ValidateRegistrationDoneSuccessfully -->
      <class name="com.bhavin.testCases.TestCase_03_ValidateRegisterButtonShouldBeDisabledIfPasswordCriteriaNotFulFiiled">
        <test-method status="PASS" signature="setup()[pri:0, instance:com.bhavin.testCases.TestCase_03_ValidateRegisterButtonShouldBeDisabledIfPasswordCriteriaNotFulFiiled@4e41089d]" name="setup" is-config="true" duration-ms="10175" started-at="2019-11-13T15:07:52 IST" finished-at="2019-11-13T15:08:02 IST">
          <reporter-output>
          </reporter-output>
        </test-method> <!-- setup -->
        <test-method status="PASS" signature="validateRegisterButtonShouldBeDisabledIfPasswordCriteriaNotFulFiiled()[pri:0, instance:com.bhavin.testCases.TestCase_03_ValidateRegisterButtonShouldBeDisabledIfPasswordCriteriaNotFulFiiled@4e41089d]" name="validateRegisterButtonShouldBeDisabledIfPasswordCriteriaNotFulFiiled" duration-ms="9551" started-at="2019-11-13T15:08:02 IST" description="Test Case 3" finished-at="2019-11-13T15:08:11 IST">
          <reporter-output>
          </reporter-output>
        </test-method> <!-- validateRegisterButtonShouldBeDisabledIfPasswordCriteriaNotFulFiiled -->
        <test-method status="PASS" signature="completeTestCase()[pri:0, instance:com.bhavin.testCases.TestCase_03_ValidateRegisterButtonShouldBeDisabledIfPasswordCriteriaNotFulFiiled@4e41089d]" name="completeTestCase" is-config="true" duration-ms="4169" started-at="2019-11-13T15:08:11 IST" finished-at="2019-11-13T15:08:15 IST">
          <reporter-output>
          </reporter-output>
        </test-method> <!-- completeTestCase -->
      </class> <!-- com.bhavin.testCases.TestCase_03_ValidateRegisterButtonShouldBeDisabledIfPasswordCriteriaNotFulFiiled -->
      <class name="com.bhavin.testCases.TestCase_04_ValidateDropDownValueOfFilterOnShopPage">
        <test-method status="PASS" signature="setup()[pri:0, instance:com.bhavin.testCases.TestCase_04_ValidateDropDownValueOfFilterOnShopPage@32a068d1]" name="setup" is-config="true" duration-ms="10140" started-at="2019-11-13T15:08:15 IST" finished-at="2019-11-13T15:08:26 IST">
          <reporter-output>
          </reporter-output>
        </test-method> <!-- setup -->
        <test-method status="FAIL" signature="validateDropDownValueOfFilterOnShopPage()[pri:0, instance:com.bhavin.testCases.TestCase_04_ValidateDropDownValueOfFilterOnShopPage@32a068d1]" name="validateDropDownValueOfFilterOnShopPage" duration-ms="30905" started-at="2019-11-13T15:08:26 IST" description="Test Case 4" finished-at="2019-11-13T15:08:57 IST">
          <exception class="java.lang.AssertionError">
            <message>
              <![CDATA[Expected Data missing : [low to high, high to low]Actual Data found :[]: lists don't have the same size expected [8] but found [6]]]>
            </message>
            <full-stacktrace>
              <![CDATA[java.lang.AssertionError: Expected Data missing : [low to high, high to low]Actual Data found :[]: lists don't have the same size expected [8] but found [6]
at org.testng.Assert.fail(Assert.java:97)
at org.testng.Assert.assertEqualsImpl(Assert.java:136)
at org.testng.Assert.assertEquals(Assert.java:118)
at org.testng.Assert.assertEquals(Assert.java:839)
at org.testng.Assert.assertEquals(Assert.java:1019)
at com.bhavin.testCases.TestCase_04_ValidateDropDownValueOfFilterOnShopPage.validateDropDownValueOfFilterOnShopPage(TestCase_04_ValidateDropDownValueOfFilterOnShopPage.java:56)
at sun.reflect.NativeMethodAccessorImpl.invoke0(Native Method)
at sun.reflect.NativeMethodAccessorImpl.invoke(Unknown Source)
at sun.reflect.DelegatingMethodAccessorImpl.invoke(Unknown Source)
at java.lang.reflect.Method.invoke(Unknown Source)
at org.testng.internal.MethodInvocationHelper.invokeMethod(MethodInvocationHelper.java:133)
at org.testng.internal.TestInvoker.invokeMethod(TestInvoker.java:584)
at org.testng.internal.TestInvoker.invokeTestMethod(TestInvoker.java:172)
at org.testng.internal.MethodRunner.runInSequence(MethodRunner.java:46)
at org.testng.internal.TestInvoker$MethodInvocationAgent.invoke(TestInvoker.java:804)
at org.testng.internal.TestInvoker.invokeTestMethods(TestInvoker.java:145)
at org.testng.internal.TestMethodWorker.invokeTestMethods(TestMethodWorker.java:146)
at org.testng.internal.TestMethodWorker.run(TestMethodWorker.java:128)
at java.util.ArrayList.forEach(Unknown Source)
at org.testng.TestRunner.privateRun(TestRunner.java:770)
at org.testng.TestRunner.run(TestRunner.java:591)
at org.testng.SuiteRunner.runTest(SuiteRunner.java:402)
at org.testng.SuiteRunner.runSequentially(SuiteRunner.java:396)
at org.testng.SuiteRunner.privateRun(SuiteRunner.java:355)
at org.testng.SuiteRunner.run(SuiteRunner.java:304)
at org.testng.SuiteRunnerWorker.runSuite(SuiteRunnerWorker.java:53)
at org.testng.SuiteRunnerWorker.run(SuiteRunnerWorker.java:96)
at org.testng.TestNG.runSuitesSequentially(TestNG.java:1180)
at org.testng.TestNG.runSuitesLocally(TestNG.java:1102)
at org.testng.TestNG.runSuites(TestNG.java:1032)
at org.testng.TestNG.run(TestNG.java:1000)
at org.testng.remote.AbstractRemoteTestNG.run(AbstractRemoteTestNG.java:115)
at org.testng.remote.RemoteTestNG.initAndRun(RemoteTestNG.java:251)
at org.testng.remote.RemoteTestNG.main(RemoteTestNG.java:77)
]]>
            </full-stacktrace>
          </exception> <!-- java.lang.AssertionError -->
          <reporter-output>
          </reporter-output>
        </test-method> <!-- validateDropDownValueOfFilterOnShopPage -->
        <test-method status="PASS" signature="completeTestCase()[pri:0, instance:com.bhavin.testCases.TestCase_04_ValidateDropDownValueOfFilterOnShopPage@32a068d1]" name="completeTestCase" is-config="true" duration-ms="253" started-at="2019-11-13T15:08:57 IST" finished-at="2019-11-13T15:08:58 IST">
          <reporter-output>
          </reporter-output>
        </test-method> <!-- completeTestCase -->
      </class> <!-- com.bhavin.testCases.TestCase_04_ValidateDropDownValueOfFilterOnShopPage -->
      <class name="com.bhavin.testCases.TestCase_02_ValidateRegisterButtonShouldBeEnabledIfPasswordFieldBlank">
        <test-method status="PASS" signature="setup()[pri:0, instance:com.bhavin.testCases.TestCase_02_ValidateRegisterButtonShouldBeEnabledIfPasswordFieldBlank@70beb599]" name="setup" is-config="true" duration-ms="10792" started-at="2019-11-13T15:07:27 IST" finished-at="2019-11-13T15:07:38 IST">
          <reporter-output>
          </reporter-output>
        </test-method> <!-- setup -->
        <test-method status="PASS" signature="validateRegisterButtonShouldBeEnabledIfPasswordFieldBlank()[pri:0, instance:com.bhavin.testCases.TestCase_02_ValidateRegisterButtonShouldBeEnabledIfPasswordFieldBlank@70beb599]" name="validateRegisterButtonShouldBeEnabledIfPasswordFieldBlank" duration-ms="9495" started-at="2019-11-13T15:07:38 IST" description="Test Case 2" finished-at="2019-11-13T15:07:47 IST">
          <reporter-output>
          </reporter-output>
        </test-method> <!-- validateRegisterButtonShouldBeEnabledIfPasswordFieldBlank -->
        <test-method status="PASS" signature="completeTestCase()[pri:0, instance:com.bhavin.testCases.TestCase_02_ValidateRegisterButtonShouldBeEnabledIfPasswordFieldBlank@70beb599]" name="completeTestCase" is-config="true" duration-ms="4316" started-at="2019-11-13T15:07:47 IST" finished-at="2019-11-13T15:07:52 IST">
          <reporter-output>
          </reporter-output>
        </test-method> <!-- completeTestCase -->
      </class> <!-- com.bhavin.testCases.TestCase_02_ValidateRegisterButtonShouldBeEnabledIfPasswordFieldBlank -->
    </test> <!-- Register Test Cases -->
  </suite> <!-- Register Test Suite -->
</testng-results>
